{"C:\\Users\\User\\Documents\\projects\\javascript-sandbox\\linked list\\LinkedList.js": {"path":"C:\\Users\\User\\Documents\\projects\\javascript-sandbox\\linked list\\LinkedList.js","statementMap":{"0":{"start":{"line":4,"column":4},"end":{"line":4,"column":21}},"1":{"start":{"line":5,"column":4},"end":{"line":5,"column":20}},"2":{"start":{"line":9,"column":20},"end":{"line":9,"column":55}},"3":{"start":{"line":11,"column":4},"end":{"line":11,"column":24}},"4":{"start":{"line":12,"column":4},"end":{"line":12,"column":18}},"5":{"start":{"line":16,"column":4},"end":{"line":18,"column":5}},"6":{"start":{"line":17,"column":6},"end":{"line":17,"column":18}},"7":{"start":{"line":20,"column":18},"end":{"line":20,"column":27}},"8":{"start":{"line":21,"column":4},"end":{"line":23,"column":5}},"9":{"start":{"line":21,"column":17},"end":{"line":21,"column":18}},"10":{"start":{"line":22,"column":6},"end":{"line":22,"column":29}},"11":{"start":{"line":24,"column":4},"end":{"line":24,"column":19}},"12":{"start":{"line":28,"column":4},"end":{"line":28,"column":31}},"13":{"start":{"line":29,"column":4},"end":{"line":29,"column":18}},"14":{"start":{"line":33,"column":4},"end":{"line":33,"column":53}},"15":{"start":{"line":33,"column":21},"end":{"line":33,"column":53}},"16":{"start":{"line":35,"column":17},"end":{"line":35,"column":43}},"17":{"start":{"line":36,"column":4},"end":{"line":36,"column":34}},"18":{"start":{"line":36,"column":22},"end":{"line":36,"column":34}},"19":{"start":{"line":38,"column":4},"end":{"line":38,"column":53}},"20":{"start":{"line":39,"column":4},"end":{"line":39,"column":18}},"21":{"start":{"line":43,"column":4},"end":{"line":43,"column":46}},"22":{"start":{"line":43,"column":21},"end":{"line":43,"column":46}},"23":{"start":{"line":45,"column":17},"end":{"line":45,"column":43}},"24":{"start":{"line":46,"column":4},"end":{"line":46,"column":34}},"25":{"start":{"line":46,"column":22},"end":{"line":46,"column":34}},"26":{"start":{"line":48,"column":4},"end":{"line":48,"column":31}},"27":{"start":{"line":49,"column":4},"end":{"line":49,"column":18}},"28":{"start":{"line":53,"column":17},"end":{"line":53,"column":19}},"29":{"start":{"line":54,"column":18},"end":{"line":54,"column":27}},"30":{"start":{"line":55,"column":4},"end":{"line":58,"column":5}},"31":{"start":{"line":56,"column":6},"end":{"line":56,"column":47}},"32":{"start":{"line":57,"column":6},"end":{"line":57,"column":29}},"33":{"start":{"line":59,"column":4},"end":{"line":59,"column":34}},"34":{"start":{"line":65,"column":4},"end":{"line":65,"column":23}},"35":{"start":{"line":66,"column":4},"end":{"line":66,"column":21}},"36":{"start":{"line":70,"column":0},"end":{"line":76,"column":2}},"37":{"start":{"line":71,"column":13},"end":{"line":71,"column":29}},"38":{"start":{"line":72,"column":2},"end":{"line":74,"column":3}},"39":{"start":{"line":72,"column":15},"end":{"line":72,"column":32}},"40":{"start":{"line":73,"column":4},"end":{"line":73,"column":31}},"41":{"start":{"line":75,"column":2},"end":{"line":75,"column":12}},"42":{"start":{"line":77,"column":0},"end":{"line":77,"column":28}}},"fnMap":{"0":{"name":"(anonymous_0)","decl":{"start":{"line":2,"column":2},"end":{"line":2,"column":3}},"loc":{"start":{"line":2,"column":16},"end":{"line":6,"column":3}},"line":2},"1":{"name":"(anonymous_1)","decl":{"start":{"line":8,"column":2},"end":{"line":8,"column":3}},"loc":{"start":{"line":8,"column":21},"end":{"line":13,"column":3}},"line":8},"2":{"name":"(anonymous_2)","decl":{"start":{"line":15,"column":2},"end":{"line":15,"column":3}},"loc":{"start":{"line":15,"column":20},"end":{"line":25,"column":3}},"line":15},"3":{"name":"(anonymous_3)","decl":{"start":{"line":27,"column":2},"end":{"line":27,"column":3}},"loc":{"start":{"line":27,"column":15},"end":{"line":30,"column":3}},"line":27},"4":{"name":"(anonymous_4)","decl":{"start":{"line":32,"column":2},"end":{"line":32,"column":3}},"loc":{"start":{"line":32,"column":30},"end":{"line":40,"column":3}},"line":32},"5":{"name":"(anonymous_5)","decl":{"start":{"line":42,"column":2},"end":{"line":42,"column":3}},"loc":{"start":{"line":42,"column":23},"end":{"line":50,"column":3}},"line":42},"6":{"name":"(anonymous_6)","decl":{"start":{"line":52,"column":2},"end":{"line":52,"column":3}},"loc":{"start":{"line":52,"column":10},"end":{"line":60,"column":3}},"line":52},"7":{"name":"(anonymous_7)","decl":{"start":{"line":64,"column":2},"end":{"line":64,"column":3}},"loc":{"start":{"line":64,"column":27},"end":{"line":67,"column":3}},"line":64},"8":{"name":"(anonymous_8)","decl":{"start":{"line":70,"column":24},"end":{"line":70,"column":25}},"loc":{"start":{"line":70,"column":45},"end":{"line":76,"column":1}},"line":70}},"branchMap":{"0":{"loc":{"start":{"line":16,"column":4},"end":{"line":18,"column":5}},"type":"if","locations":[{"start":{"line":16,"column":4},"end":{"line":18,"column":5}},{"start":{"line":16,"column":4},"end":{"line":18,"column":5}}],"line":16},"1":{"loc":{"start":{"line":16,"column":8},"end":{"line":16,"column":41}},"type":"binary-expr","locations":[{"start":{"line":16,"column":8},"end":{"line":16,"column":17}},{"start":{"line":16,"column":21},"end":{"line":16,"column":41}}],"line":16},"2":{"loc":{"start":{"line":33,"column":4},"end":{"line":33,"column":53}},"type":"if","locations":[{"start":{"line":33,"column":4},"end":{"line":33,"column":53}},{"start":{"line":33,"column":4},"end":{"line":33,"column":53}}],"line":33},"3":{"loc":{"start":{"line":36,"column":4},"end":{"line":36,"column":34}},"type":"if","locations":[{"start":{"line":36,"column":4},"end":{"line":36,"column":34}},{"start":{"line":36,"column":4},"end":{"line":36,"column":34}}],"line":36},"4":{"loc":{"start":{"line":43,"column":4},"end":{"line":43,"column":46}},"type":"if","locations":[{"start":{"line":43,"column":4},"end":{"line":43,"column":46}},{"start":{"line":43,"column":4},"end":{"line":43,"column":46}}],"line":43},"5":{"loc":{"start":{"line":46,"column":4},"end":{"line":46,"column":34}},"type":"if","locations":[{"start":{"line":46,"column":4},"end":{"line":46,"column":34}},{"start":{"line":46,"column":4},"end":{"line":46,"column":34}}],"line":46}},"s":{"0":9,"1":9,"2":23,"3":23,"4":23,"5":8,"6":4,"7":4,"8":4,"9":4,"10":6,"11":4,"12":0,"13":0,"14":4,"15":1,"16":3,"17":3,"18":2,"19":1,"20":1,"21":0,"22":0,"23":0,"24":0,"25":0,"26":0,"27":0,"28":0,"29":0,"30":0,"31":0,"32":0,"33":0,"34":24,"35":24,"36":1,"37":8,"38":8,"39":8,"40":20,"41":8,"42":1},"f":{"0":9,"1":23,"2":8,"3":0,"4":4,"5":0,"6":0,"7":24,"8":8},"b":{"0":[4,4],"1":[8,6],"2":[1,3],"3":[2,1],"4":[0,0],"5":[0,0]},"_coverageSchema":"1a1c01bbd47fc00a2c39e90264f33305004495a9","hash":"531f17d54f5ddeee164bd1d671f7e9d9f0722f03"}
}
