TN:
SF:linked list\LinkedList.js
FN:2,(anonymous_0)
FN:8,(anonymous_1)
FN:15,(anonymous_2)
FN:27,(anonymous_3)
FN:32,(anonymous_4)
FN:42,(anonymous_5)
FN:52,(anonymous_6)
FN:64,(anonymous_7)
FN:70,(anonymous_8)
FNF:9
FNH:6
FNDA:9,(anonymous_0)
FNDA:23,(anonymous_1)
FNDA:8,(anonymous_2)
FNDA:0,(anonymous_3)
FNDA:4,(anonymous_4)
FNDA:0,(anonymous_5)
FNDA:0,(anonymous_6)
FNDA:24,(anonymous_7)
FNDA:8,(anonymous_8)
DA:4,9
DA:5,9
DA:9,23
DA:11,23
DA:12,23
DA:16,8
DA:17,4
DA:20,4
DA:21,4
DA:22,6
DA:24,4
DA:28,0
DA:29,0
DA:33,4
DA:35,3
DA:36,3
DA:38,1
DA:39,1
DA:43,0
DA:45,0
DA:46,0
DA:48,0
DA:49,0
DA:53,0
DA:54,0
DA:55,0
DA:56,0
DA:57,0
DA:59,0
DA:65,24
DA:66,24
DA:70,1
DA:71,8
DA:72,8
DA:73,20
DA:75,8
DA:77,1
LF:37
LH:24
BRDA:16,0,0,4
BRDA:16,0,1,4
BRDA:16,1,0,8
BRDA:16,1,1,6
BRDA:33,2,0,1
BRDA:33,2,1,3
BRDA:36,3,0,2
BRDA:36,3,1,1
BRDA:43,4,0,0
BRDA:43,4,1,0
BRDA:46,5,0,0
BRDA:46,5,1,0
BRF:12
BRH:8
end_of_record
